<?xml version="1.0" encoding="UTF-8"?>
<!-- Generated by org.testng.reporters.JUnitXMLReporter -->
<testsuite hostname="AQMIT-DSK-10290" ignored="0" name="FirefoxTest" tests="3" failures="0" timestamp="2022-08-29T13:24:17 IST" time="0.122" errors="0">
  <testcase name="@BeforeTest beforetest" time="0.107" classname="TestRun.TestRunner">
    <failure type="org.openqa.selenium.SessionNotCreatedException" message="Could not start a new session. Possible causes are invalid address of the remote server or browser start-up failure.">
      <![CDATA[org.openqa.selenium.SessionNotCreatedException: Could not start a new session. Possible causes are invalid address of the remote server or browser start-up failure.
at org.openqa.selenium.remote.RemoteWebDriver.execute(RemoteWebDriver.java:565)
at org.openqa.selenium.remote.RemoteWebDriver.startSession(RemoteWebDriver.java:242)
at org.openqa.selenium.remote.RemoteWebDriver.<init>(RemoteWebDriver.java:157)
at org.openqa.selenium.firefox.FirefoxDriver.<init>(FirefoxDriver.java:110)
at org.openqa.selenium.firefox.FirefoxDriver.<init>(FirefoxDriver.java:98)
at org.openqa.selenium.firefox.FirefoxDriver.<init>(FirefoxDriver.java:94)
at TestRun.TestRunner.beforetest(TestRunner.java:41)
Caused by: org.openqa.selenium.WebDriverException: Driver server process died prematurely.
Build info: version: '4.4.0', revision: 'e5c75ed026a'
System info: host: 'AQMIT-DSK-10290', ip: '192.0.5.158', os.name: 'Windows 10', os.arch: 'amd64', os.version: '10.0', java.version: '1.8.0_131'
Driver info: driver.version: FirefoxDriver
at org.openqa.selenium.remote.service.DriverService.start(DriverService.java:226)
at org.openqa.selenium.remote.service.DriverCommandExecutor.execute(DriverCommandExecutor.java:98)
at org.openqa.selenium.remote.RemoteWebDriver.execute(RemoteWebDriver.java:547)
... 30 more
... Removed 24 stack frames]]>
    </failure>
  </testcase> <!-- @BeforeTest beforetest -->
  <testcase name="@AfterMethod aftermethod" time="-1.661759657438E9" classname="TestRun.TestRunner">
    <skipped/>
  </testcase> <!-- @AfterMethod aftermethod -->
  <testcase name="@AfterMethod aftermethod" time="-1.661759657438E9" classname="TestRun.TestRunner">
    <skipped/>
  </testcase> <!-- @AfterMethod aftermethod -->
  <testcase name="@AfterMethod aftermethod" time="-1.661759657453E9" classname="TestRun.TestRunner">
    <skipped/>
  </testcase> <!-- @AfterMethod aftermethod -->
  <testcase name="@AfterTest aftertest" time="-1.661759657453E9" classname="TestRun.TestRunner">
    <skipped/>
  </testcase> <!-- @AfterTest aftertest -->
  <testcase name="test" time="0.0" classname="TestRun.TestRunner">
    <skipped/>
  </testcase> <!-- test -->
  <testcase name="test" time="0.0" classname="TestRun.TestRunner">
    <skipped/>
  </testcase> <!-- test -->
  <testcase name="test" time="0.0" classname="TestRun.TestRunner">
    <skipped/>
  </testcase> <!-- test -->
</testsuite> <!-- FirefoxTest -->
